INFO       2018-03-28 10:33:32,570 - [Client]: подключение к серверу выполнено
INFO       2018-03-28 10:33:32,755 - [Client]: аутентификация прошла успешно
INFO       2018-03-28 10:46:03,673 - [Client]: подключение к серверу выполнено
INFO       2018-03-28 10:46:03,932 - [Client]: аутентификация прошла успешно
INFO       2018-03-28 10:46:24,633 - [Client]: Error server
ERROR      2018-03-28 10:46:24,633 - [Client]: {'response': 500, 'time': 'Wed Mar 28 10:45:51 2018', 'error': 'Error server'}
INFO       2018-03-28 15:16:17,583 - [Client]: подключение к серверу выполнено
INFO       2018-03-28 15:16:17,671 - [Client]: аутентификация прошла успешно
INFO       2018-03-28 15:16:28,178 - [Client]: Error server
ERROR      2018-03-28 15:16:28,180 - [Client]: {'response': 500, 'time': 'Wed Mar 28 15:16:00 2018', 'error': 'Error server'}
INFO       2018-03-28 15:53:29,220 - [Client]: подключение к серверу выполнено
INFO       2018-03-28 15:53:29,301 - [Client]: авторизация прошла успешно
INFO       2018-03-28 15:54:15,307 - [Client]: подключение к серверу выполнено
INFO       2018-03-28 15:54:15,369 - [Client]: авторизация прошла успешно
INFO       2018-03-28 15:54:34,159 - [Client]: выход из чата
INFO       2018-03-28 15:54:34,229 - [Client]: Error server
ERROR      2018-03-28 15:54:34,230 - [Client]: {'response': 500, 'time': 'Wed Mar 28 15:53:09 2018', 'error': 'Error server'}
INFO       2018-03-28 15:55:35,372 - [Client]: подключение к серверу выполнено
INFO       2018-03-28 15:55:35,528 - [Client]: авторизация прошла успешно
INFO       2018-03-28 15:55:46,955 - [Client]: подключение к серверу выполнено
INFO       2018-03-28 15:55:47,010 - [Client]: авторизация прошла успешно
INFO       2018-03-28 15:56:05,508 - [Client]: выход из чата
INFO       2018-03-28 15:58:55,742 - [Client]: выход из чата
INFO       2018-03-28 16:01:33,738 - [Client]: подключение к серверу выполнено
INFO       2018-03-28 16:01:33,822 - [Client]: авторизация прошла успешно
INFO       2018-03-28 16:01:42,432 - [Client]: подключение к серверу выполнено
INFO       2018-03-28 16:01:42,528 - [Client]: авторизация прошла успешно
INFO       2018-03-28 16:01:59,276 - [Client]: выход из чата
INFO       2018-03-28 16:04:43,367 - [Client]: выход из чата
INFO       2018-03-28 16:05:35,194 - [Client]: подключение к серверу выполнено
INFO       2018-03-28 16:05:35,282 - [Client]: авторизация прошла успешно
INFO       2018-03-28 16:05:46,011 - [Client]: подключение к серверу выполнено
INFO       2018-03-28 16:05:46,068 - [Client]: авторизация прошла успешно
INFO       2018-03-28 16:05:58,326 - [Client]: выход из чата
INFO       2018-03-28 16:06:25,099 - [Client]: выход из чата
INFO       2018-03-28 16:09:18,551 - [Client]: подключение к серверу выполнено
INFO       2018-03-28 16:09:18,629 - [Client]: авторизация прошла успешно
INFO       2018-03-28 16:10:26,118 - [Client]: подключение к серверу выполнено
INFO       2018-03-28 16:10:26,166 - [Client]: авторизация прошла успешно
INFO       2018-03-28 16:12:19,024 - [Client]: подключение к серверу выполнено
INFO       2018-03-28 16:12:19,102 - [Client]: авторизация прошла успешно
INFO       2018-03-28 16:17:28,191 - [Client]: подключение к серверу выполнено
INFO       2018-03-28 16:17:28,276 - [Client]: авторизация прошла успешно
INFO       2018-03-28 16:17:38,925 - [Client]: подключение к серверу выполнено
INFO       2018-03-28 16:17:38,974 - [Client]: авторизация прошла успешно
INFO       2018-03-28 16:17:55,571 - [Client]: выход из чата
INFO       2018-03-28 16:18:35,760 - [Client]: выход из чата
INFO       2018-03-28 16:23:03,352 - [Client]: подключение к серверу выполнено
INFO       2018-03-28 16:23:03,434 - [Client]: авторизация прошла успешно
ERROR      2018-03-28 16:24:06,197 - Client stop, error: [Errno 111] Connection refused
ERROR      2018-03-28 16:24:06,198 - [Client]: сервер не отвечает
ERROR      2018-03-29 12:53:07,754 - Client stop, error: [Errno 111] Connection refused
ERROR      2018-03-29 12:59:28,513 - Client stop, error: [Errno 111] Connection refused
INFO       2018-03-29 12:59:56,347 - [Client]: подключение к серверу выполнено
INFO       2018-03-29 12:59:56,534 - [Client]: авторизация прошла успешно
INFO       2018-03-29 13:05:15,484 - [Client]: подключение к серверу выполнено
INFO       2018-03-29 13:05:15,562 - [Client]: авторизация прошла успешно
INFO       2018-03-29 13:05:28,398 - [Client]: выход из чата
INFO       2018-03-29 13:07:07,853 - [Client]: подключение к серверу выполнено
INFO       2018-03-29 13:07:07,985 - [Client]: авторизация прошла успешно
INFO       2018-03-29 13:07:14,593 - [Client]: выход из чата
INFO       2018-03-29 13:18:23,526 - [Client]: подключение к серверу выполнено
INFO       2018-03-29 13:18:23,768 - [Client]: авторизация прошла успешно
INFO       2018-03-29 13:18:49,024 - [Client]: подключение к серверу выполнено
INFO       2018-03-29 13:18:49,235 - [Client]: авторизация прошла успешно
INFO       2018-03-29 13:19:31,442 - [Client]: выход из чата
INFO       2018-03-29 13:20:42,926 - [Client]: подключение к серверу выполнено
INFO       2018-03-29 13:20:43,263 - [Client]: авторизация прошла успешно
INFO       2018-03-29 13:21:07,057 - [Client]: выход из чата
INFO       2018-03-29 13:28:52,024 - [Client]: подключение к серверу выполнено
ERROR      2018-03-29 13:28:52,073 - [Client]: неправильный логин/пароль
INFO       2018-03-29 13:30:15,388 - [Client]: выход из чата
INFO       2018-03-29 13:30:26,687 - [Client]: подключение к серверу выполнено
ERROR      2018-03-29 13:30:26,708 - [Client]: неправильный логин/пароль
INFO       2018-03-29 13:30:40,889 - [Client]: выход из чата
INFO       2018-03-29 13:32:44,953 - [Client]: подключение к серверу выполнено
ERROR      2018-03-29 13:32:44,959 - [Client]: неправильный логин/пароль
INFO       2018-03-29 13:33:02,836 - [Client]: подключение к серверу выполнено
ERROR      2018-03-29 13:33:02,908 - [Client]: неправильный логин/пароль
INFO       2018-03-29 13:33:22,322 - [Client]: выход из чата
INFO       2018-03-29 13:33:26,551 - [Client]: выход из чата
INFO       2018-03-29 14:53:06,399 - [Client]: подключение к серверу выполнено
INFO       2018-03-29 14:53:06,591 - [Client]: авторизация прошла успешно
INFO       2018-03-29 14:53:39,181 - [Client]: подключение к серверу выполнено
INFO       2018-03-29 14:53:39,444 - [Client]: авторизация прошла успешно
INFO       2018-03-29 14:53:53,456 - [Client]: выход из чата
INFO       2018-03-29 14:54:04,172 - [Client]: выход из чата
INFO       2018-03-29 15:04:32,228 - [Client]: подключение к серверу выполнено
INFO       2018-03-29 15:04:32,322 - [Client]: авторизация прошла успешно
INFO       2018-03-29 15:04:41,766 - [Client]: выход из чата
INFO       2018-03-29 16:26:12,166 - [Client]: подключение к серверу выполнено
INFO       2018-03-29 16:26:12,354 - [Client]: авторизация прошла успешно
INFO       2018-03-29 16:26:22,363 - [Client]: выход из чата
INFO       2018-03-29 16:29:48,392 - [Client]: подключение к серверу выполнено
INFO       2018-03-29 16:29:48,595 - [Client]: авторизация прошла успешно
INFO       2018-03-29 16:29:53,526 - [Client]: выход из чата
INFO       2018-03-29 16:31:54,147 - [Client]: подключение к серверу выполнено
INFO       2018-03-29 16:31:54,494 - [Client]: авторизация прошла успешно
INFO       2018-03-29 16:32:29,440 - [Client]: выход из чата
INFO       2018-03-29 17:18:26,567 - [Client]: подключение к серверу выполнено
INFO       2018-03-29 17:18:26,865 - [Client]: авторизация прошла успешно
INFO       2018-03-29 17:19:17,887 - [Client]: подключение к серверу выполнено
INFO       2018-03-29 17:19:18,318 - [Client]: авторизация прошла успешно
INFO       2018-03-29 17:19:57,394 - [Client]: подключение к серверу выполнено
INFO       2018-03-29 17:19:57,648 - [Client]: авторизация прошла успешно
INFO       2018-03-29 17:20:25,339 - [Client]: выход из чата
INFO       2018-03-29 17:23:31,277 - [Client]: подключение к серверу выполнено
INFO       2018-03-29 17:23:31,469 - [Client]: авторизация прошла успешно
INFO       2018-03-29 17:24:05,023 - [Client]: выход из чата
INFO       2018-03-29 17:25:02,974 - [Client]: подключение к серверу выполнено
INFO       2018-03-29 17:25:03,207 - [Client]: авторизация прошла успешно
INFO       2018-03-29 17:25:13,126 - [Client]: выход из чата
INFO       2018-03-29 17:29:39,434 - [Client]: подключение к серверу выполнено
INFO       2018-03-29 17:29:39,779 - [Client]: авторизация прошла успешно
INFO       2018-03-29 17:30:12,919 - [Client]: выход из чата
INFO       2018-03-29 17:36:26,270 - [Client]: подключение к серверу выполнено
INFO       2018-03-29 17:36:26,499 - [Client]: авторизация прошла успешно
INFO       2018-03-29 17:36:50,283 - [Client]: выход из чата
INFO       2018-03-29 18:07:35,648 - [Client]: подключение к серверу выполнено
INFO       2018-03-29 18:07:35,953 - [Client]: авторизация прошла успешно
INFO       2018-03-29 18:07:52,692 - [Client]: выход из чата
INFO       2018-03-29 18:08:31,557 - [Client]: подключение к серверу выполнено
INFO       2018-03-29 18:08:32,056 - [Client]: авторизация прошла успешно
INFO       2018-03-29 18:08:44,278 - [Client]: выход из чата
INFO       2018-03-29 18:09:20,530 - [Client]: подключение к серверу выполнено
INFO       2018-03-29 18:09:20,746 - [Client]: авторизация прошла успешно
INFO       2018-03-29 18:09:34,409 - [Client]: выход из чата
INFO       2018-03-29 18:10:49,560 - [Client]: подключение к серверу выполнено
INFO       2018-03-29 18:10:50,000 - [Client]: авторизация прошла успешно
INFO       2018-03-29 18:13:46,776 - [Client]: подключение к серверу выполнено
INFO       2018-03-29 18:13:46,979 - [Client]: авторизация прошла успешно
INFO       2018-03-29 18:14:32,033 - [Client]: подключение к серверу выполнено
INFO       2018-03-29 18:14:32,504 - [Client]: авторизация прошла успешно
INFO       2018-03-29 18:15:27,931 - [Client]: подключение к серверу выполнено
INFO       2018-03-29 18:15:28,751 - [Client]: авторизация прошла успешно
INFO       2018-03-29 18:16:30,390 - [Client]: подключение к серверу выполнено
INFO       2018-03-29 18:16:30,863 - [Client]: авторизация прошла успешно
INFO       2018-03-29 18:17:21,962 - [Client]: подключение к серверу выполнено
INFO       2018-03-29 18:17:22,430 - [Client]: авторизация прошла успешно
INFO       2018-03-29 18:20:00,834 - [Client]: подключение к серверу выполнено
INFO       2018-03-29 18:20:01,150 - [Client]: авторизация прошла успешно
INFO       2018-03-29 18:49:37,601 - [Client]: подключение к серверу выполнено
INFO       2018-03-29 18:49:38,200 - [Client]: авторизация прошла успешно
INFO       2018-03-29 18:50:14,126 - [Client]: подключение к серверу выполнено
INFO       2018-03-29 18:50:14,639 - [Client]: авторизация прошла успешно
INFO       2018-03-29 18:51:41,871 - [Client]: подключение к серверу выполнено
INFO       2018-03-29 18:51:42,235 - [Client]: авторизация прошла успешно
INFO       2018-03-29 18:52:35,136 - [Client]: подключение к серверу выполнено
INFO       2018-03-29 18:52:35,571 - [Client]: авторизация прошла успешно
INFO       2018-03-29 19:03:36,730 - [Client]: подключение к серверу выполнено
INFO       2018-03-29 19:03:37,236 - [Client]: авторизация прошла успешно
INFO       2018-03-29 19:04:30,652 - [Client]: подключение к серверу выполнено
INFO       2018-03-29 19:04:31,064 - [Client]: авторизация прошла успешно
INFO       2018-03-29 19:04:54,240 - [Client]: подключение к серверу выполнено
INFO       2018-03-29 19:04:54,279 - [Client]: авторизация прошла успешно
INFO       2018-03-29 19:05:33,422 - [Client]: подключение к серверу выполнено
INFO       2018-03-29 19:05:33,517 - [Client]: авторизация прошла успешно
INFO       2018-03-29 19:07:21,021 - [Client]: выход из чата
INFO       2018-03-29 19:07:30,377 - [Client]: выход из чата
INFO       2018-03-29 19:09:51,019 - [Client]: подключение к серверу выполнено
INFO       2018-03-29 19:09:51,280 - [Client]: авторизация прошла успешно
INFO       2018-03-29 19:10:05,703 - [Client]: подключение к серверу выполнено
INFO       2018-03-29 19:10:05,800 - [Client]: авторизация прошла успешно
INFO       2018-03-29 19:10:23,952 - [Client]: подключение к серверу выполнено
INFO       2018-03-29 19:10:24,218 - [Client]: авторизация прошла успешно
INFO       2018-03-29 19:12:00,110 - [Client]: подключение к серверу выполнено
INFO       2018-03-29 19:12:00,389 - [Client]: авторизация прошла успешно
INFO       2018-03-29 19:13:48,728 - [Client]: подключение к серверу выполнено
INFO       2018-03-29 19:13:48,896 - [Client]: авторизация прошла успешно
INFO       2018-03-29 20:00:44,076 - [Client]: выход из чата
INFO       2018-03-29 20:00:46,321 - [Client]: выход из чата
INFO       2018-03-29 20:04:39,736 - [Client]: подключение к серверу выполнено
INFO       2018-03-29 20:04:39,997 - [Client]: авторизация прошла успешно
INFO       2018-03-29 20:04:58,262 - [Client]: подключение к серверу выполнено
INFO       2018-03-29 20:04:58,496 - [Client]: авторизация прошла успешно
INFO       2018-03-29 20:06:21,327 - [Client]: подключение к серверу выполнено
INFO       2018-03-29 20:06:21,506 - [Client]: авторизация прошла успешно
INFO       2018-03-29 20:08:46,146 - [Client]: подключение к серверу выполнено
INFO       2018-03-29 20:08:46,427 - [Client]: авторизация прошла успешно
INFO       2018-03-29 20:13:09,379 - [Client]: подключение к серверу выполнено
INFO       2018-03-29 20:13:09,596 - [Client]: авторизация прошла успешно
INFO       2018-03-29 20:14:09,600 - [Client]: подключение к серверу выполнено
INFO       2018-03-29 20:14:10,013 - [Client]: авторизация прошла успешно
INFO       2018-03-29 20:15:00,060 - [Client]: подключение к серверу выполнено
INFO       2018-03-29 20:15:00,399 - [Client]: авторизация прошла успешно
INFO       2018-03-29 20:16:43,937 - [Client]: подключение к серверу выполнено
INFO       2018-03-29 20:16:44,268 - [Client]: авторизация прошла успешно
INFO       2018-03-29 20:18:07,960 - [Client]: подключение к серверу выполнено
INFO       2018-03-29 20:18:08,186 - [Client]: авторизация прошла успешно
INFO       2018-03-29 20:23:03,175 - [Client]: подключение к серверу выполнено
INFO       2018-03-29 20:23:03,619 - [Client]: авторизация прошла успешно
INFO       2018-03-29 20:32:22,876 - [Client]: подключение к серверу выполнено
INFO       2018-03-29 20:32:23,838 - [Client]: авторизация прошла успешно
INFO       2018-03-29 20:34:21,140 - [Client]: подключение к серверу выполнено
INFO       2018-03-29 20:34:21,821 - [Client]: авторизация прошла успешно
INFO       2018-03-29 20:36:28,854 - [Client]: подключение к серверу выполнено
INFO       2018-03-29 20:36:29,308 - [Client]: авторизация прошла успешно
INFO       2018-03-29 20:36:44,147 - [Client]: подключение к серверу выполнено
INFO       2018-03-29 20:36:44,680 - [Client]: авторизация прошла успешно
INFO       2018-03-29 20:38:11,917 - [Client]: подключение к серверу выполнено
INFO       2018-03-29 20:38:12,439 - [Client]: авторизация прошла успешно
INFO       2018-03-29 20:38:31,293 - [Client]: подключение к серверу выполнено
INFO       2018-03-29 20:38:31,912 - [Client]: авторизация прошла успешно
INFO       2018-03-29 20:45:53,176 - [Client]: подключение к серверу выполнено
INFO       2018-03-29 20:45:53,859 - [Client]: авторизация прошла успешно
INFO       2018-03-29 20:45:53,982 - [Client]: подключение к серверу выполнено
INFO       2018-03-29 20:45:54,345 - [Client]: авторизация прошла успешно
INFO       2018-03-29 20:46:58,599 - [Client]: подключение к серверу выполнено
INFO       2018-03-29 20:46:59,548 - [Client]: авторизация прошла успешно
INFO       2018-03-29 20:46:59,627 - [Client]: подключение к серверу выполнено
INFO       2018-03-29 20:47:00,139 - [Client]: авторизация прошла успешно
INFO       2018-03-29 20:53:42,232 - [Client]: подключение к серверу выполнено
INFO       2018-03-29 20:53:42,770 - [Client]: авторизация прошла успешно
INFO       2018-03-29 20:54:27,455 - [Client]: подключение к серверу выполнено
INFO       2018-03-29 20:54:28,114 - [Client]: авторизация прошла успешно
INFO       2018-03-29 20:55:52,325 - [Client]: подключение к серверу выполнено
INFO       2018-03-29 20:55:52,785 - [Client]: авторизация прошла успешно
INFO       2018-03-29 20:55:52,867 - [Client]: подключение к серверу выполнено
INFO       2018-03-29 20:55:53,283 - [Client]: авторизация прошла успешно
INFO       2018-03-29 20:56:59,762 - [Client]: подключение к серверу выполнено
INFO       2018-03-29 20:57:00,219 - [Client]: авторизация прошла успешно
INFO       2018-03-29 20:57:49,760 - [Client]: подключение к серверу выполнено
INFO       2018-03-29 20:57:50,461 - [Client]: авторизация прошла успешно
INFO       2018-03-29 20:57:50,643 - [Client]: подключение к серверу выполнено
INFO       2018-03-29 20:57:51,091 - [Client]: авторизация прошла успешно
INFO       2018-03-29 20:58:31,756 - [Client]: подключение к серверу выполнено
INFO       2018-03-29 20:58:32,381 - [Client]: авторизация прошла успешно
INFO       2018-03-29 20:58:32,581 - [Client]: подключение к серверу выполнено
INFO       2018-03-29 20:58:33,287 - [Client]: авторизация прошла успешно
INFO       2018-03-29 20:58:51,437 - [Client]: подключение к серверу выполнено
INFO       2018-03-29 20:58:52,033 - [Client]: авторизация прошла успешно
INFO       2018-03-29 20:58:52,096 - [Client]: подключение к серверу выполнено
INFO       2018-03-29 20:58:52,572 - [Client]: авторизация прошла успешно
INFO       2018-03-29 20:59:38,187 - [Client]: подключение к серверу выполнено
INFO       2018-03-29 20:59:39,202 - [Client]: авторизация прошла успешно
INFO       2018-03-29 20:59:39,429 - [Client]: подключение к серверу выполнено
INFO       2018-03-29 20:59:40,110 - [Client]: авторизация прошла успешно
INFO       2018-03-29 21:02:44,114 - [Client]: подключение к серверу выполнено
INFO       2018-03-29 21:02:45,206 - [Client]: авторизация прошла успешно
INFO       2018-03-29 21:02:45,318 - [Client]: подключение к серверу выполнено
INFO       2018-03-29 21:02:46,327 - [Client]: авторизация прошла успешно
INFO       2018-03-29 21:03:04,894 - [Client]: подключение к серверу выполнено
INFO       2018-03-29 21:03:05,628 - [Client]: авторизация прошла успешно
INFO       2018-03-29 21:03:05,727 - [Client]: подключение к серверу выполнено
INFO       2018-03-29 21:03:06,241 - [Client]: авторизация прошла успешно
INFO       2018-03-29 21:03:23,898 - [Client]: подключение к серверу выполнено
INFO       2018-03-29 21:03:24,743 - [Client]: авторизация прошла успешно
INFO       2018-03-29 21:03:24,895 - [Client]: подключение к серверу выполнено
INFO       2018-03-29 21:03:25,487 - [Client]: авторизация прошла успешно
INFO       2018-03-29 21:04:06,717 - [Client]: подключение к серверу выполнено
INFO       2018-03-29 21:04:07,038 - [Client]: авторизация прошла успешно
INFO       2018-03-29 21:04:07,216 - [Client]: подключение к серверу выполнено
INFO       2018-03-29 21:04:07,508 - [Client]: авторизация прошла успешно
INFO       2018-03-29 21:06:29,767 - [Client]: подключение к серверу выполнено
INFO       2018-03-29 21:06:30,746 - [Client]: авторизация прошла успешно
INFO       2018-03-29 21:06:30,903 - [Client]: подключение к серверу выполнено
INFO       2018-03-29 21:06:31,622 - [Client]: авторизация прошла успешно
INFO       2018-03-29 21:40:37,837 - [Client]: подключение к серверу выполнено
INFO       2018-03-29 21:40:39,623 - [Client]: авторизация прошла успешно
INFO       2018-03-29 21:40:39,798 - [Client]: подключение к серверу выполнено
INFO       2018-03-29 21:40:40,256 - [Client]: авторизация прошла успешно
INFO       2018-03-29 21:42:35,896 - [Client]: подключение к серверу выполнено
INFO       2018-03-29 21:42:36,764 - [Client]: авторизация прошла успешно
INFO       2018-03-29 21:42:37,004 - [Client]: подключение к серверу выполнено
INFO       2018-03-29 21:42:37,781 - [Client]: авторизация прошла успешно
INFO       2018-03-29 21:44:02,357 - [Client]: подключение к серверу выполнено
INFO       2018-03-29 21:44:03,731 - [Client]: авторизация прошла успешно
INFO       2018-03-29 21:44:03,801 - [Client]: подключение к серверу выполнено
INFO       2018-03-29 21:44:04,563 - [Client]: авторизация прошла успешно
INFO       2018-03-29 21:46:16,306 - [Client]: подключение к серверу выполнено
INFO       2018-03-29 21:46:17,499 - [Client]: авторизация прошла успешно
INFO       2018-03-29 21:46:17,564 - [Client]: подключение к серверу выполнено
INFO       2018-03-29 21:46:18,180 - [Client]: авторизация прошла успешно
INFO       2018-03-29 21:48:06,486 - [Client]: подключение к серверу выполнено
INFO       2018-03-29 21:48:07,251 - [Client]: авторизация прошла успешно
INFO       2018-03-29 21:48:07,380 - [Client]: подключение к серверу выполнено
INFO       2018-03-29 21:48:08,402 - [Client]: авторизация прошла успешно
INFO       2018-03-29 21:48:18,266 - [Client]: выход из чата
INFO       2018-04-02 12:09:32,771 - [Client]: подключение к серверу выполнено
INFO       2018-04-02 12:09:32,928 - [Client]: авторизация прошла успешно
INFO       2018-04-02 12:09:54,795 - [Client]: выход из чата
INFO       2018-04-02 12:10:49,586 - [Client]: подключение к серверу выполнено
INFO       2018-04-02 12:10:49,713 - [Client]: авторизация прошла успешно
INFO       2018-04-02 12:11:07,242 - [Client]: выход из чата
INFO       2018-04-02 12:11:43,733 - [Client]: подключение к серверу выполнено
INFO       2018-04-02 12:11:43,972 - [Client]: авторизация прошла успешно
INFO       2018-04-02 12:12:07,889 - [Client]: выход из чата
INFO       2018-04-02 12:13:18,777 - [Client]: подключение к серверу выполнено
INFO       2018-04-02 12:13:18,905 - [Client]: авторизация прошла успешно
INFO       2018-04-02 12:14:34,121 - [Client]: выход из чата
INFO       2018-04-02 12:15:20,781 - [Client]: подключение к серверу выполнено
INFO       2018-04-02 12:15:20,927 - [Client]: авторизация прошла успешно
INFO       2018-04-02 12:18:59,131 - [Client]: выход из чата
INFO       2018-04-02 12:19:11,620 - [Client]: подключение к серверу выполнено
INFO       2018-04-02 12:19:11,689 - [Client]: авторизация прошла успешно
INFO       2018-04-02 12:20:43,746 - [Client]: подключение к серверу выполнено
INFO       2018-04-02 12:20:43,881 - [Client]: авторизация прошла успешно
INFO       2018-04-02 12:21:53,280 - [Client]: выход из чата
INFO       2018-04-02 12:21:57,750 - [Client]: выход из чата
INFO       2018-04-02 12:22:34,784 - [Client]: подключение к серверу выполнено
INFO       2018-04-02 12:22:34,996 - [Client]: авторизация прошла успешно
INFO       2018-04-02 12:23:06,095 - [Client]: подключение к серверу выполнено
INFO       2018-04-02 12:23:06,345 - [Client]: авторизация прошла успешно
INFO       2018-04-02 12:23:50,641 - [Client]: выход из чата
INFO       2018-04-02 12:23:55,742 - [Client]: выход из чата
INFO       2018-04-02 12:25:10,494 - [Client]: подключение к серверу выполнено
INFO       2018-04-02 12:25:10,788 - [Client]: авторизация прошла успешно
INFO       2018-04-02 12:25:29,095 - [Client]: подключение к серверу выполнено
INFO       2018-04-02 12:25:29,252 - [Client]: авторизация прошла успешно
INFO       2018-04-02 12:26:01,356 - [Client]: выход из чата
INFO       2018-04-02 12:26:03,755 - [Client]: выход из чата
INFO       2018-04-02 12:26:39,936 - [Client]: подключение к серверу выполнено
INFO       2018-04-02 12:26:40,322 - [Client]: авторизация прошла успешно
INFO       2018-04-02 12:26:51,844 - [Client]: подключение к серверу выполнено
INFO       2018-04-02 12:26:52,072 - [Client]: авторизация прошла успешно
INFO       2018-04-02 12:28:07,602 - [Client]: выход из чата
INFO       2018-04-02 12:28:13,627 - [Client]: выход из чата
INFO       2018-04-02 12:28:29,208 - [Client]: подключение к серверу выполнено
INFO       2018-04-02 12:28:29,521 - [Client]: авторизация прошла успешно
INFO       2018-04-02 12:28:39,187 - [Client]: подключение к серверу выполнено
INFO       2018-04-02 12:28:39,413 - [Client]: авторизация прошла успешно
INFO       2018-04-02 12:34:17,608 - [Client]: выход из чата
INFO       2018-04-02 12:34:19,187 - [Client]: выход из чата
INFO       2018-04-02 12:34:31,310 - [Client]: подключение к серверу выполнено
INFO       2018-04-02 12:34:31,562 - [Client]: авторизация прошла успешно
INFO       2018-04-02 12:35:18,380 - [Client]: выход из чата
INFO       2018-04-02 12:35:27,560 - [Client]: подключение к серверу выполнено
INFO       2018-04-02 12:35:28,020 - [Client]: авторизация прошла успешно
INFO       2018-04-02 12:36:56,945 - [Client]: выход из чата
INFO       2018-04-02 12:37:04,962 - [Client]: подключение к серверу выполнено
INFO       2018-04-02 12:37:05,469 - [Client]: авторизация прошла успешно
INFO       2018-04-02 12:38:14,484 - [Client]: подключение к серверу выполнено
INFO       2018-04-02 12:38:14,785 - [Client]: авторизация прошла успешно
INFO       2018-04-02 12:38:56,789 - [Client]: подключение к серверу выполнено
INFO       2018-04-02 12:38:56,999 - [Client]: авторизация прошла успешно
INFO       2018-04-02 12:40:36,894 - [Client]: выход из чата
INFO       2018-04-02 12:40:38,804 - [Client]: выход из чата
INFO       2018-04-02 12:40:47,252 - [Client]: подключение к серверу выполнено
INFO       2018-04-02 12:40:47,623 - [Client]: авторизация прошла успешно
INFO       2018-04-02 12:40:59,173 - [Client]: подключение к серверу выполнено
INFO       2018-04-02 12:40:59,420 - [Client]: авторизация прошла успешно
INFO       2018-04-02 12:41:53,390 - [Client]: выход из чата
INFO       2018-04-02 12:41:57,568 - [Client]: выход из чата
INFO       2018-04-02 12:45:06,548 - [Client]: подключение к серверу выполнено
INFO       2018-04-02 12:45:06,761 - [Client]: авторизация прошла успешно
INFO       2018-04-02 12:45:11,377 - [Client]: CHAT
INFO       2018-04-02 12:45:20,321 - [Client]: выход из чата
INFO       2018-04-02 12:46:33,438 - [Client]: подключение к серверу выполнено
INFO       2018-04-02 12:46:33,829 - [Client]: авторизация прошла успешно
INFO       2018-04-02 12:46:39,835 - [Client]: CHAT
INFO       2018-04-02 12:46:54,477 - [Client]: выход из чата
INFO       2018-04-02 14:13:54,748 - [Client]: подключение к серверу выполнено
INFO       2018-04-02 14:13:55,112 - [Client]: авторизация прошла успешно
INFO       2018-04-02 14:14:01,083 - [Client]: CHAT
INFO       2018-04-02 14:14:22,890 - [Client]: выход из чата
INFO       2018-04-02 14:14:51,515 - [Client]: подключение к серверу выполнено
INFO       2018-04-02 14:14:53,059 - [Client]: авторизация прошла успешно
INFO       2018-04-02 14:14:58,146 - [Client]: CHAT
INFO       2018-04-02 14:15:02,958 - [Client]: выход из чата
INFO       2018-04-02 14:18:15,559 - [Client]: подключение к серверу выполнено
INFO       2018-04-02 14:18:16,331 - [Client]: авторизация прошла успешно
INFO       2018-04-02 14:18:20,205 - [Client]: CHAT
INFO       2018-04-02 14:18:37,844 - [Client]: выход из чата
INFO       2018-04-02 14:18:57,425 - [Client]: подключение к серверу выполнено
INFO       2018-04-02 14:18:58,345 - [Client]: авторизация прошла успешно
INFO       2018-04-02 14:19:06,129 - [Client]: CHAT
INFO       2018-04-02 14:19:13,870 - [Client]: выход из чата
INFO       2018-04-02 14:20:07,483 - [Client]: подключение к серверу выполнено
INFO       2018-04-02 14:20:07,868 - [Client]: авторизация прошла успешно
INFO       2018-04-02 14:20:17,472 - [Client]: CHAT
INFO       2018-04-02 14:20:33,607 - [Client]: подключение к серверу выполнено
INFO       2018-04-02 14:20:33,836 - [Client]: авторизация прошла успешно
INFO       2018-04-02 14:20:38,470 - [Client]: CHAT
INFO       2018-04-02 14:20:59,356 - [Client]: выход из чата
INFO       2018-04-02 14:21:04,134 - [Client]: выход из чата
INFO       2018-04-02 14:21:58,897 - [Client]: подключение к серверу выполнено
INFO       2018-04-02 14:22:02,990 - [Client]: авторизация прошла успешно
INFO       2018-04-02 14:22:09,553 - [Client]: CHAT
INFO       2018-04-02 14:22:22,312 - [Client]: подключение к серверу выполнено
INFO       2018-04-02 14:22:23,105 - [Client]: авторизация прошла успешно
INFO       2018-04-02 14:22:29,225 - [Client]: CHAT
INFO       2018-04-02 14:22:38,199 - [Client]: выход из чата
INFO       2018-04-02 14:22:42,599 - [Client]: выход из чата
INFO       2018-04-02 14:47:00,438 - [Client]: подключение к серверу выполнено
INFO       2018-04-02 14:47:00,826 - [Client]: авторизация прошла успешно
INFO       2018-04-02 14:47:05,105 - [Client]: CHAT
INFO       2018-04-02 14:47:10,316 - [Client]: выход из чата
INFO       2018-04-02 14:50:55,506 - [Client]: подключение к серверу выполнено
INFO       2018-04-02 14:50:56,012 - [Client]: авторизация прошла успешно
INFO       2018-04-02 14:51:01,114 - [Client]: CHAT
INFO       2018-04-02 14:51:17,474 - [Client]: подключение к серверу выполнено
INFO       2018-04-02 14:51:17,767 - [Client]: авторизация прошла успешно
INFO       2018-04-02 14:51:22,616 - [Client]: CHAT
INFO       2018-04-02 14:51:58,524 - [Client]: подключение к серверу выполнено
INFO       2018-04-02 14:51:58,980 - [Client]: авторизация прошла успешно
INFO       2018-04-02 14:52:05,042 - [Client]: CHAT
INFO       2018-04-02 14:52:46,104 - [Client]: выход из чата
INFO       2018-04-02 14:52:59,280 - [Client]: подключение к серверу выполнено
INFO       2018-04-02 14:53:00,070 - [Client]: авторизация прошла успешно
INFO       2018-04-02 14:53:04,436 - [Client]: CHAT
INFO       2018-04-02 14:53:14,409 - [Client]: CHAT
INFO       2018-04-02 14:53:36,541 - [Client]: подключение к серверу выполнено
INFO       2018-04-02 14:53:36,984 - [Client]: авторизация прошла успешно
INFO       2018-04-02 14:53:43,390 - [Client]: CHAT
INFO       2018-04-02 14:53:56,649 - [Client]: подключение к серверу выполнено
INFO       2018-04-02 14:53:57,209 - [Client]: авторизация прошла успешно
INFO       2018-04-02 14:54:01,506 - [Client]: CHAT
INFO       2018-04-02 14:55:03,203 - [Client]: выход из чата
INFO       2018-04-02 14:56:19,692 - [Client]: подключение к серверу выполнено
INFO       2018-04-02 14:56:20,160 - [Client]: авторизация прошла успешно
INFO       2018-04-02 14:56:23,733 - [Client]: CHAT
INFO       2018-04-02 14:56:39,031 - [Client]: подключение к серверу выполнено
INFO       2018-04-02 14:56:39,487 - [Client]: авторизация прошла успешно
INFO       2018-04-02 14:56:49,877 - [Client]: CHAT
INFO       2018-04-02 14:57:21,370 - [Client]: выход из чата
INFO       2018-04-02 14:57:26,732 - [Client]: выход из чата
INFO       2018-04-02 17:58:03,163 - [Client]: подключение к серверу выполнено
INFO       2018-04-02 17:58:03,328 - [Client]: авторизация прошла успешно
INFO       2018-04-02 17:58:26,110 - [Client]: подключение к серверу выполнено
INFO       2018-04-02 17:58:26,187 - [Client]: авторизация прошла успешно
INFO       2018-04-02 17:58:47,844 - [Client]: выход из чата
INFO       2018-04-02 17:58:53,323 - [Client]: выход из чата
INFO       2018-04-02 18:01:23,374 - [Client]: подключение к серверу выполнено
INFO       2018-04-02 18:01:23,676 - [Client]: авторизация прошла успешно
INFO       2018-04-02 18:03:59,271 - [Client]: подключение к серверу выполнено
INFO       2018-04-02 18:03:59,475 - [Client]: авторизация прошла успешно
INFO       2018-04-02 18:08:18,541 - [Client]: выход из чата
INFO       2018-04-02 18:08:26,009 - [Client]: подключение к серверу выполнено
INFO       2018-04-02 18:08:26,139 - [Client]: авторизация прошла успешно
INFO       2018-04-02 18:16:19,559 - [Client]: выход из чата
INFO       2018-04-02 18:16:27,757 - [Client]: подключение к серверу выполнено
INFO       2018-04-02 18:16:28,250 - [Client]: авторизация прошла успешно
INFO       2018-04-02 18:18:06,708 - [Client]: подключение к серверу выполнено
INFO       2018-04-02 18:18:06,980 - [Client]: авторизация прошла успешно
INFO       2018-04-02 18:19:18,239 - [Client]: подключение к серверу выполнено
INFO       2018-04-02 18:19:18,545 - [Client]: авторизация прошла успешно
INFO       2018-04-02 18:20:03,797 - [Client]: подключение к серверу выполнено
INFO       2018-04-02 18:20:04,103 - [Client]: авторизация прошла успешно
INFO       2018-04-02 18:20:28,983 - [Client]: подключение к серверу выполнено
INFO       2018-04-02 18:20:29,329 - [Client]: авторизация прошла успешно
INFO       2018-04-02 18:20:53,128 - [Client]: выход из чата
INFO       2018-04-02 18:21:52,283 - [Client]: подключение к серверу выполнено
INFO       2018-04-02 18:21:52,897 - [Client]: авторизация прошла успешно
INFO       2018-04-02 18:21:57,162 - [Client]: CHAT
INFO       2018-04-02 18:22:05,237 - [Client]: выход из чата
INFO       2018-04-02 18:24:05,887 - [Client]: подключение к серверу выполнено
INFO       2018-04-02 18:24:06,100 - [Client]: авторизация прошла успешно
INFO       2018-04-02 18:24:34,865 - [Client]: подключение к серверу выполнено
INFO       2018-04-02 18:24:35,217 - [Client]: авторизация прошла успешно
INFO       2018-04-02 18:24:48,595 - [Client]: выход из чата
INFO       2018-04-02 18:24:52,679 - [Client]: выход из чата
INFO       2018-04-02 18:25:19,121 - [Client]: подключение к серверу выполнено
INFO       2018-04-02 18:25:19,365 - [Client]: авторизация прошла успешно
INFO       2018-04-02 18:25:32,525 - [Client]: выход из чата
INFO       2018-04-02 18:25:57,377 - [Client]: подключение к серверу выполнено
INFO       2018-04-02 18:25:57,866 - [Client]: авторизация прошла успешно
INFO       2018-04-02 18:26:06,612 - [Client]: выход из чата
INFO       2018-04-02 18:52:36,063 - [Client]: подключение к серверу выполнено
INFO       2018-04-02 18:52:36,434 - [Client]: авторизация прошла успешно
INFO       2018-04-02 18:54:28,505 - [Client]: подключение к серверу выполнено
INFO       2018-04-02 18:54:28,787 - [Client]: авторизация прошла успешно
INFO       2018-04-02 18:54:33,574 - [Client]: CHAT
INFO       2018-04-02 18:54:46,945 - [Client]: подключение к серверу выполнено
INFO       2018-04-02 18:54:47,308 - [Client]: авторизация прошла успешно
INFO       2018-04-02 18:54:52,970 - [Client]: CHAT
INFO       2018-04-02 18:55:47,530 - [Client]: выход из чата
INFO       2018-04-02 18:55:52,945 - [Client]: выход из чата
INFO       2018-04-02 18:58:50,716 - [Client]: подключение к серверу выполнено
INFO       2018-04-02 18:58:50,921 - [Client]: авторизация прошла успешно
INFO       2018-04-02 18:58:55,993 - [Client]: CHAT
INFO       2018-04-02 18:59:15,348 - [Client]: выход из чата
INFO       2018-04-02 18:59:22,091 - [Client]: подключение к серверу выполнено
INFO       2018-04-02 18:59:22,457 - [Client]: авторизация прошла успешно
INFO       2018-04-02 18:59:27,392 - [Client]: CHAT
INFO       2018-04-02 18:59:45,644 - [Client]: выход из чата
INFO       2018-04-02 19:01:38,303 - [Client]: подключение к серверу выполнено
INFO       2018-04-02 19:01:38,397 - [Client]: авторизация прошла успешно
INFO       2018-04-02 19:01:42,966 - [Client]: CHAT
INFO       2018-04-02 19:01:56,338 - [Client]: выход из чата
INFO       2018-04-02 19:05:05,312 - [Client]: подключение к серверу выполнено
INFO       2018-04-02 19:05:05,459 - [Client]: авторизация прошла успешно
INFO       2018-04-02 19:05:10,461 - [Client]: CHAT
INFO       2018-04-02 19:07:59,411 - [Client]: выход из чата
INFO       2018-04-02 19:08:07,675 - [Client]: подключение к серверу выполнено
INFO       2018-04-02 19:08:08,015 - [Client]: авторизация прошла успешно
INFO       2018-04-02 19:08:13,183 - [Client]: CHAT
INFO       2018-04-02 19:09:02,300 - [Client]: выход из чата
INFO       2018-04-02 19:09:11,484 - [Client]: подключение к серверу выполнено
INFO       2018-04-02 19:09:11,698 - [Client]: авторизация прошла успешно
INFO       2018-04-02 19:09:15,532 - [Client]: CHAT
INFO       2018-04-02 19:09:28,716 - [Client]: выход из чата
INFO       2018-04-02 19:09:53,875 - [Client]: подключение к серверу выполнено
INFO       2018-04-02 19:09:54,132 - [Client]: авторизация прошла успешно
INFO       2018-04-02 19:10:02,293 - [Client]: CHAT
INFO       2018-04-02 19:10:10,626 - [Client]: выход из чата
INFO       2018-04-02 19:17:39,609 - [Client]: подключение к серверу выполнено
INFO       2018-04-02 19:17:39,990 - [Client]: авторизация прошла успешно
INFO       2018-04-02 19:17:40,007 - [Client]: подключение к серверу выполнено
INFO       2018-04-02 19:17:40,237 - [Client]: авторизация прошла успешно
INFO       2018-04-02 19:18:58,555 - [Client]: подключение к серверу выполнено
INFO       2018-04-02 19:18:58,804 - [Client]: авторизация прошла успешно
INFO       2018-04-02 19:18:58,837 - [Client]: подключение к серверу выполнено
INFO       2018-04-02 19:18:58,969 - [Client]: авторизация прошла успешно
INFO       2018-04-02 19:21:03,342 - [Client]: подключение к серверу выполнено
INFO       2018-04-02 19:21:03,544 - [Client]: авторизация прошла успешно
INFO       2018-04-02 19:21:03,697 - [Client]: подключение к серверу выполнено
INFO       2018-04-02 19:21:03,865 - [Client]: авторизация прошла успешно
INFO       2018-04-02 19:21:51,046 - [Client]: подключение к серверу выполнено
INFO       2018-04-02 19:21:51,266 - [Client]: авторизация прошла успешно
INFO       2018-04-02 19:21:51,325 - [Client]: подключение к серверу выполнено
INFO       2018-04-02 19:21:51,629 - [Client]: авторизация прошла успешно
INFO       2018-04-02 19:22:20,215 - [Client]: подключение к серверу выполнено
INFO       2018-04-02 19:22:20,368 - [Client]: авторизация прошла успешно
INFO       2018-04-02 19:22:20,510 - [Client]: подключение к серверу выполнено
INFO       2018-04-02 19:22:20,883 - [Client]: авторизация прошла успешно
INFO       2018-04-02 19:22:41,490 - [Client]: подключение к серверу выполнено
INFO       2018-04-02 19:22:42,025 - [Client]: авторизация прошла успешно
INFO       2018-04-02 19:22:51,916 - [Client]: CHAT
INFO       2018-04-02 19:24:21,717 - [Client]: выход из чата
INFO       2018-04-02 19:24:48,768 - [Client]: подключение к серверу выполнено
INFO       2018-04-02 19:24:49,167 - [Client]: авторизация прошла успешно
INFO       2018-04-02 19:24:49,462 - [Client]: подключение к серверу выполнено
INFO       2018-04-02 19:24:50,460 - [Client]: авторизация прошла успешно
INFO       2018-04-02 19:25:45,465 - [Client]: подключение к серверу выполнено
INFO       2018-04-02 19:25:45,752 - [Client]: авторизация прошла успешно
INFO       2018-04-02 19:25:45,864 - [Client]: подключение к серверу выполнено
INFO       2018-04-02 19:25:46,186 - [Client]: авторизация прошла успешно
INFO       2018-04-04 20:11:47,140 - [Client]: подключение к серверу выполнено
ERROR      2018-04-04 20:11:47,171 - [Client]: неправильный логин/пароль
ERROR      2018-04-04 20:11:47,171 - [Client]: Ошибка при авторизации: {'login': 'qwerty', 'password': '123456'}
INFO       2018-04-05 10:22:12,113 - [Client]: подключение к серверу выполнено
INFO       2018-04-05 10:22:38,232 - [Client]: подключение к серверу выполнено
INFO       2018-04-05 10:23:40,324 - [Client]: подключение к серверу выполнено
INFO       2018-04-05 10:24:16,864 - [Client]: подключение к серверу выполнено
INFO       2018-04-05 10:24:17,159 - [Client]: авторизация прошла успешно
INFO       2018-04-05 10:25:38,896 - [Client]: подключение к серверу выполнено
INFO       2018-04-05 10:25:39,305 - [Client]: авторизация прошла успешно
INFO       2018-04-05 10:28:45,863 - [Client]: подключение к серверу выполнено
INFO       2018-04-05 10:28:45,976 - [Client]: авторизация прошла успешно
INFO       2018-04-05 10:35:37,885 - [Client]: подключение к серверу выполнено
INFO       2018-04-05 10:35:38,067 - [Client]: авторизация прошла успешно
INFO       2018-04-05 10:40:23,296 - [Client]: подключение к серверу выполнено
INFO       2018-04-05 10:40:23,499 - [Client]: авторизация прошла успешно
INFO       2018-04-05 11:56:39,089 - [Client]: выход без авторизации
INFO       2018-04-05 12:08:02,503 - [Client]: подключение к серверу выполнено
ERROR      2018-04-05 12:08:02,534 - [Client]: неправильный логин/пароль
ERROR      2018-04-05 12:08:02,534 - [Client]: Ошибка при авторизации: {'login': 'qwerty', 'password': 'qwerty'}
ERROR      2018-04-05 12:09:43,293 - Client stop, error: [Errno 111] Connection refused
ERROR      2018-04-05 12:09:43,294 - [Client]: сервер не отвечает
INFO       2018-04-05 12:09:55,955 - [Client]: подключение к серверу выполнено
ERROR      2018-04-05 12:09:55,988 - [Client]: неправильный логин/пароль
ERROR      2018-04-05 12:09:55,989 - [Client]: Ошибка при авторизации: {'login': 'qwerty', 'password': 'qwerty'}
INFO       2018-04-05 12:10:14,146 - [Client]: подключение к серверу выполнено
ERROR      2018-04-05 12:10:14,153 - [Client]: неправильный логин/пароль
ERROR      2018-04-05 12:10:14,153 - [Client]: Ошибка при авторизации: {'login': 'qwerty', 'password': 'qwerty'}
INFO       2018-04-05 12:11:17,979 - [Client]: подключение к серверу выполнено
INFO       2018-04-05 12:11:18,102 - [Client]: авторизация прошла успешно
INFO       2018-04-05 12:42:49,067 - [Client]: подключение к серверу выполнено
INFO       2018-04-05 12:42:49,204 - [Client]: авторизация прошла успешно
INFO       2018-04-05 13:51:17,474 - [Client]: подключение к серверу выполнено
INFO       2018-04-05 13:51:17,695 - [Client]: авторизация прошла успешно
INFO       2018-04-05 13:51:32,054 - [Client]: CHAT
INFO       2018-04-05 13:51:44,643 - [Client]: выход из чата
INFO       2018-04-05 13:53:11,530 - [Client]: подключение к серверу выполнено
INFO       2018-04-05 13:53:11,704 - [Client]: авторизация прошла успешно
INFO       2018-04-05 13:53:19,363 - [Client]: CHAT
INFO       2018-04-05 13:53:30,919 - [Client]: выход из чата
INFO       2018-04-05 13:55:39,295 - [Client]: подключение к серверу выполнено
INFO       2018-04-05 13:55:39,468 - [Client]: авторизация прошла успешно
INFO       2018-04-05 13:55:57,746 - [Client]: подключение к серверу выполнено
INFO       2018-04-05 13:55:57,820 - [Client]: авторизация прошла успешно
INFO       2018-04-05 14:03:16,365 - [Client]: выход без авторизации
INFO       2018-04-05 14:19:29,561 - [Client]: выход без авторизации
INFO       2018-04-05 14:19:39,206 - [Client]: подключение к серверу выполнено
INFO       2018-04-05 14:19:39,308 - [Client]: авторизация прошла успешно
INFO       2018-04-05 14:27:43,583 - [Client]: подключение к серверу выполнено
INFO       2018-04-05 14:27:43,681 - [Client]: авторизация прошла успешно
INFO       2018-04-05 14:30:06,400 - [Client]: подключение к серверу выполнено
INFO       2018-04-05 14:30:06,672 - [Client]: авторизация прошла успешно
INFO       2018-04-05 14:30:26,059 - [Client]: подключение к серверу выполнено
INFO       2018-04-05 14:30:26,096 - [Client]: авторизация прошла успешно
INFO       2018-04-12 16:25:50,266 - [Client]: подключение к серверу выполнено
INFO       2018-04-12 16:25:50,358 - [Client]: авторизация прошла успешно
INFO       2018-04-12 16:25:58,107 - [Client]: CHAT
INFO       2018-04-12 16:26:06,784 - [Client]: выход из чата
ERROR      2018-08-07 21:46:31,028 - Client stop, error: [Errno 111] Connection refused
INFO       2018-08-07 22:47:46,103 - [Client]: подключение к серверу выполнено
INFO       2018-08-07 22:47:46,569 - [Client]: авторизация прошла успешно
INFO       2018-08-07 22:48:17,316 - [Client]: подключение к серверу выполнено
INFO       2018-08-07 22:48:17,462 - [Client]: авторизация прошла успешно
INFO       2018-08-13 16:09:45,470 - [Client]: подключение к серверу выполнено
INFO       2018-08-13 16:09:45,620 - [Client]: авторизация прошла успешно
INFO       2018-08-13 16:16:15,149 - [Client]: подключение к серверу выполнено
INFO       2018-08-13 16:16:15,359 - [Client]: авторизация прошла успешно
ERROR      2018-08-13 16:22:27,150 - Client stop, error: [Errno 111] Connection refused
ERROR      2018-08-13 16:22:28,377 - Client stop, error: [Errno 111] Connection refused
ERROR      2018-08-13 16:36:14,643 - Client stop, error: [Errno 111] Connection refused
ERROR      2018-08-13 16:36:53,630 - Client stop, error: [Errno 111] Connection refused
ERROR      2018-08-13 16:36:54,078 - Client stop, error: [Errno 111] Connection refused
ERROR      2018-08-13 16:38:15,753 - Client stop, error: [Errno 111] Connection refused
ERROR      2018-08-13 17:09:41,032 - Client stop, error: [Errno 111] Connection refused
ERROR      2018-08-13 20:11:44,166 - Client stop, error: [Errno 111] Connection refused
ERROR      2018-08-13 20:12:26,562 - Client stop, error: [Errno 111] Connection refused
ERROR      2018-08-13 20:12:31,503 - Client stop, error: [Errno 111] Connection refused
ERROR      2018-08-13 20:15:55,742 - Client stop, error: [Errno 111] Connection refused
ERROR      2018-08-13 20:15:58,010 - Client stop, error: [Errno 111] Connection refused
ERROR      2018-08-13 20:28:41,657 - Client stop, error: [Errno 111] Connection refused
